<?xml version="1.0" encoding="UTF-8"?>
<testsuite xmlns:xsi="http://www.w3.org/2001/XMLSchema-instance" xsi:noNamespaceSchemaLocation="https://maven.apache.org/surefire/maven-surefire-plugin/xsd/surefire-test-report-3.0.xsd" version="3.0" name="com.udacity.security.service.SecurityServiceTest" time="0.654" tests="19" errors="0" skipped="0" failures="0">
  <properties>
[...]
</properties>
  <testcase name="pendingStatusSensor1Active_ActivateSensor2_checkAlarmStatus" classname="com.udacity.security.service.SecurityServiceTest" time="0.523"/>
  <testcase name="catImageScanned_armedHome_checkAlarmStatus" classname="com.udacity.security.service.SecurityServiceTest" time="0.049"/>
  <testcase name="addListener_removeListener" classname="com.udacity.security.service.SecurityServiceTest" time="0.002"/>
  <testcase name="alarmArmed_activateFirstSensor_checkPendingStatus(ArmingStatus)[1]" classname="com.udacity.security.service.SecurityServiceTest" time="0.01"/>
  <testcase name="alarmArmed_activateFirstSensor_checkPendingStatus(ArmingStatus)[2]" classname="com.udacity.security.service.SecurityServiceTest" time="0.002"/>
  <testcase name="pendingStatus_deactivateSensor_checkNoAlarmStatus" classname="com.udacity.security.service.SecurityServiceTest" time="0.001"/>
  <testcase name="alarmStatus_deactivateSensors_checkAlarmStatus" classname="com.udacity.security.service.SecurityServiceTest" time="0.002"/>
  <testcase name="anyAlarmStatus_disArmSystem_checkNoAlarmStatus" classname="com.udacity.security.service.SecurityServiceTest" time="0.001"/>
  <testcase name="alarmArmed_activateSecondSensor_checkAlarmStatus(ArmingStatus)[1]" classname="com.udacity.security.service.SecurityServiceTest" time="0.002"/>
  <testcase name="alarmArmed_activateSecondSensor_checkAlarmStatus(ArmingStatus)[2]" classname="com.udacity.security.service.SecurityServiceTest" time="0.002"/>
  <testcase name="Sensor1Inactive_DeactivateSensor1_alarmStatusNoChange(AlarmStatus)[1]" classname="com.udacity.security.service.SecurityServiceTest" time="0.002"/>
  <testcase name="Sensor1Inactive_DeactivateSensor1_alarmStatusNoChange(AlarmStatus)[2]" classname="com.udacity.security.service.SecurityServiceTest" time="0.001"/>
  <testcase name="Sensor1Inactive_DeactivateSensor1_alarmStatusNoChange(AlarmStatus)[3]" classname="com.udacity.security.service.SecurityServiceTest" time="0.002"/>
  <testcase name="sensorsActive_armSystem_checkSensorsInactive(ArmingStatus)[1]" classname="com.udacity.security.service.SecurityServiceTest" time="0.002"/>
  <testcase name="sensorsActive_armSystem_checkSensorsInactive(ArmingStatus)[2]" classname="com.udacity.security.service.SecurityServiceTest" time="0.002"/>
  <testcase name="inactiveSensors_scanNoCatImage_checkNoAlarmStatus" classname="com.udacity.security.service.SecurityServiceTest" time="0.001"/>
  <testcase name="alarmStatus_deactivateSensor_checkPendingAlarm" classname="com.udacity.security.service.SecurityServiceTest" time="0.001"/>
  <testcase name="addSensor_removeSensor" classname="com.udacity.security.service.SecurityServiceTest" time="0.001"/>
  <testcase name="armedHome_scanCatImage_checkAlarmStatus" classname="com.udacity.security.service.SecurityServiceTest" time="0.002"/>
</testsuite>